<?xml version="1.0" encoding="UTF-8"?>
<testsuite xmlns:xsi="http://www.w3.org/2001/XMLSchema-instance" xsi:noNamespaceSchemaLocation="https://maven.apache.org/surefire/maven-surefire-plugin/xsd/surefire-test-report.xsd" name="example.InvokeTest" time="16.968" tests="1" errors="1" skipped="0" failures="0">
  <properties>
[...]
</properties>
  <testcase name="invokeTest" classname="example.InvokeTest" time="5.936">
    <error type="java.lang.ExceptionInInitializerError">java.lang.ExceptionInInitializerError
	at example.InvokeTest.invokeTest(InvokeTest.java:52)
Caused by: software.amazon.awssdk.core.exception.SdkClientException: Unable to load region from any of the providers in the chain software.amazon.awssdk.regions.providers.DefaultAwsRegionProviderChain@6e4de19b: [software.amazon.awssdk.regions.providers.SystemSettingsRegionProvider@36676c1a: Unable to load region from system settings. Region must be specified either via environment variable (AWS_REGION) or  system property (aws.region)., software.amazon.awssdk.regions.providers.AwsProfileRegionProvider@7adf16aa: No region provided in profile: default, software.amazon.awssdk.regions.providers.InstanceProfileRegionProvider@39dcf4b0: Unable to contact EC2 metadata service.]
	at example.InvokeTest.invokeTest(InvokeTest.java:52)
</error>
    <system-out><![CDATA[2020-04-29 00:29:02 [main] INFO  example.InvokeTest:34 - DESERIALIZING TEST EVENT
2020-04-29 00:29:02 [main] INFO  example.InvokeTest:35 - EVENT JSON: {"Records":[{"messageId":"19dd0b57-b21e-4ac1-bd88-01bbb068cb78","receiptHandle":"MessageReceiptHandle","body":"Hello from SQS!","attributes":{"ApproximateReceiveCount":"1","SentTimestamp":"1523232000000","SenderId":"123456789012","ApproximateFirstReceiveTimestamp":"1523232000001"},"messageAttributes":{},"md5OfBody":"7b270e59b47ff90a553787216d55d91d","eventSource":"aws:sqs","eventSourceARN":"arn:aws:sqs:us-west-2:123456789012:MyQueue","awsRegion":"us-west-2"}]}
]]></system-out>
    <system-err><![CDATA[Apr 29, 2020 12:29:02 AM com.amazonaws.auth.profile.internal.BasicProfileConfigLoader loadProfiles
WARNING: Your profile name includes a 'profile ' prefix. This is considered part of the profile name in the Java SDK, so you will need to include this prefix in your profile name when you reference this profile from your Java code.
Apr 29, 2020 12:29:02 AM com.amazonaws.auth.profile.internal.BasicProfileConfigLoader loadProfiles
WARNING: Your profile name includes a 'profile ' prefix. This is considered part of the profile name in the Java SDK, so you will need to include this prefix in your profile name when you reference this profile from your Java code.
Apr 29, 2020 12:29:02 AM com.amazonaws.auth.profile.internal.BasicProfileConfigLoader loadProfiles
WARNING: Your profile name includes a 'profile ' prefix. This is considered part of the profile name in the Java SDK, so you will need to include this prefix in your profile name when you reference this profile from your Java code.
Apr 29, 2020 12:29:02 AM com.amazonaws.auth.profile.internal.BasicProfileConfigLoader loadProfiles
WARNING: Your profile name includes a 'profile ' prefix. This is considered part of the profile name in the Java SDK, so you will need to include this prefix in your profile name when you reference this profile from your Java code.
Apr 29, 2020 12:29:02 AM com.amazonaws.auth.profile.internal.BasicProfileConfigLoader loadProfiles
WARNING: Your profile name includes a 'profile ' prefix. This is considered part of the profile name in the Java SDK, so you will need to include this prefix in your profile name when you reference this profile from your Java code.
Apr 29, 2020 12:29:02 AM com.amazonaws.auth.profile.internal.BasicProfileConfigLoader loadProfiles
WARNING: Your profile name includes a 'profile ' prefix. This is considered part of the profile name in the Java SDK, so you will need to include this prefix in your profile name when you reference this profile from your Java code.
Apr 29, 2020 12:29:02 AM com.amazonaws.auth.profile.internal.BasicProfileConfigLoader loadProfiles
WARNING: Your profile name includes a 'profile ' prefix. This is considered part of the profile name in the Java SDK, so you will need to include this prefix in your profile name when you reference this profile from your Java code.
Apr 29, 2020 12:29:02 AM com.amazonaws.auth.profile.internal.BasicProfileConfigLoader loadProfiles
WARNING: Your profile name includes a 'profile ' prefix. This is considered part of the profile name in the Java SDK, so you will need to include this prefix in your profile name when you reference this profile from your Java code.
Apr 29, 2020 12:29:02 AM com.amazonaws.auth.profile.internal.BasicProfileConfigLoader loadProfiles
WARNING: Your profile name includes a 'profile ' prefix. This is considered part of the profile name in the Java SDK, so you will need to include this prefix in your profile name when you reference this profile from your Java code.
Apr 29, 2020 12:29:02 AM com.amazonaws.auth.profile.internal.BasicProfileConfigLoader loadProfiles
WARNING: Your profile name includes a 'profile ' prefix. This is considered part of the profile name in the Java SDK, so you will need to include this prefix in your profile name when you reference this profile from your Java code.
Apr 29, 2020 12:29:02 AM com.amazonaws.auth.profile.internal.BasicProfileConfigLoader loadProfiles
WARNING: Your profile name includes a 'profile ' prefix. This is considered part of the profile name in the Java SDK, so you will need to include this prefix in your profile name when you reference this profile from your Java code.
]]></system-err>
  </testcase>
</testsuite>